0:0:0:0:0:0:0:1 - - [17/Jun/2020:15:08:41 +0800] "GET /nacos/ HTTP/1.1" 200 2669 502 Mozilla/5.0 (Windows NT 10.0; WOW64) AppleWebKit/537.36 (KHTML, like Gecko) Chrome/80.0.3987.100 Safari/537.36
0:0:0:0:0:0:0:1 - - [17/Jun/2020:15:08:41 +0800] "GET /nacos/console-fe/public/css/bootstrap.css HTTP/1.1" 200 130409 89 Mozilla/5.0 (Windows NT 10.0; WOW64) AppleWebKit/537.36 (KHTML, like Gecko) Chrome/80.0.3987.100 Safari/537.36
0:0:0:0:0:0:0:1 - - [17/Jun/2020:15:08:41 +0800] "GET /nacos/console-fe/public/css/merge.css HTTP/1.1" 200 3983 96 Mozilla/5.0 (Windows NT 10.0; WOW64) AppleWebKit/537.36 (KHTML, like Gecko) Chrome/80.0.3987.100 Safari/537.36
0:0:0:0:0:0:0:1 - - [17/Jun/2020:15:08:41 +0800] "GET /nacos/console-fe/public/css/codemirror.css HTTP/1.1" 200 9202 101 Mozilla/5.0 (Windows NT 10.0; WOW64) AppleWebKit/537.36 (KHTML, like Gecko) Chrome/80.0.3987.100 Safari/537.36
0:0:0:0:0:0:0:1 - - [17/Jun/2020:15:08:41 +0800] "GET /nacos/console-fe/public/css/console1412.css HTTP/1.1" 200 156960 104 Mozilla/5.0 (Windows NT 10.0; WOW64) AppleWebKit/537.36 (KHTML, like Gecko) Chrome/80.0.3987.100 Safari/537.36
0:0:0:0:0:0:0:1 - - [17/Jun/2020:15:08:41 +0800] "GET /nacos/console-fe/public/css/font-awesome.css HTTP/1.1" 200 35940 109 Mozilla/5.0 (Windows NT 10.0; WOW64) AppleWebKit/537.36 (KHTML, like Gecko) Chrome/80.0.3987.100 Safari/537.36
0:0:0:0:0:0:0:1 - - [17/Jun/2020:15:08:41 +0800] "GET /nacos/console-fe/public/css/icon.css HTTP/1.1" 200 5427 115 Mozilla/5.0 (Windows NT 10.0; WOW64) AppleWebKit/537.36 (KHTML, like Gecko) Chrome/80.0.3987.100 Safari/537.36
0:0:0:0:0:0:0:1 - - [17/Jun/2020:15:08:41 +0800] "GET /nacos/css/main.css HTTP/1.1" 200 424999 115 Mozilla/5.0 (Windows NT 10.0; WOW64) AppleWebKit/537.36 (KHTML, like Gecko) Chrome/80.0.3987.100 Safari/537.36
0:0:0:0:0:0:0:1 - - [17/Jun/2020:15:08:41 +0800] "GET /nacos/console-fe/public/js/jquery.js HTTP/1.1" 200 86661 143 Mozilla/5.0 (Windows NT 10.0; WOW64) AppleWebKit/537.36 (KHTML, like Gecko) Chrome/80.0.3987.100 Safari/537.36
0:0:0:0:0:0:0:1 - - [17/Jun/2020:15:08:41 +0800] "GET /nacos/console-fe/public/js/codemirror.js HTTP/1.1" 200 375749 143 Mozilla/5.0 (Windows NT 10.0; WOW64) AppleWebKit/537.36 (KHTML, like Gecko) Chrome/80.0.3987.100 Safari/537.36
0:0:0:0:0:0:0:1 - - [17/Jun/2020:15:08:41 +0800] "GET /nacos/console-fe/public/js/xml.js HTTP/1.1" 200 13454 153 Mozilla/5.0 (Windows NT 10.0; WOW64) AppleWebKit/537.36 (KHTML, like Gecko) Chrome/80.0.3987.100 Safari/537.36
0:0:0:0:0:0:0:1 - - [17/Jun/2020:15:08:41 +0800] "GET /nacos/console-fe/public/js/javascript.js HTTP/1.1" 200 33028 155 Mozilla/5.0 (Windows NT 10.0; WOW64) AppleWebKit/537.36 (KHTML, like Gecko) Chrome/80.0.3987.100 Safari/537.36
0:0:0:0:0:0:0:1 - - [17/Jun/2020:15:08:41 +0800] "GET /nacos/console-fe/public/js/codemirror.addone.fullscreen.js HTTP/1.1" 200 2023 149 Mozilla/5.0 (Windows NT 10.0; WOW64) AppleWebKit/537.36 (KHTML, like Gecko) Chrome/80.0.3987.100 Safari/537.36
0:0:0:0:0:0:0:1 - - [17/Jun/2020:15:08:41 +0800] "GET /nacos/console-fe/public/js/codemirror.addone.lint.js HTTP/1.1" 200 8758 128 Mozilla/5.0 (Windows NT 10.0; WOW64) AppleWebKit/537.36 (KHTML, like Gecko) Chrome/80.0.3987.100 Safari/537.36
0:0:0:0:0:0:0:1 - - [17/Jun/2020:15:08:41 +0800] "GET /nacos/console-fe/public/js/codemirror.lib.json-lint.js HTTP/1.1" 200 17241 92 Mozilla/5.0 (Windows NT 10.0; WOW64) AppleWebKit/537.36 (KHTML, like Gecko) Chrome/80.0.3987.100 Safari/537.36
0:0:0:0:0:0:0:1 - - [17/Jun/2020:15:08:41 +0800] "GET /nacos/console-fe/public/js/codemirror.addone.json-lint.js HTTP/1.1" 200 1473 87 Mozilla/5.0 (Windows NT 10.0; WOW64) AppleWebKit/537.36 (KHTML, like Gecko) Chrome/80.0.3987.100 Safari/537.36
0:0:0:0:0:0:0:1 - - [17/Jun/2020:15:08:41 +0800] "GET /nacos/console-fe/public/js/diff_match_patch.js HTTP/1.1" 200 19241 64 Mozilla/5.0 (Windows NT 10.0; WOW64) AppleWebKit/537.36 (KHTML, like Gecko) Chrome/80.0.3987.100 Safari/537.36
0:0:0:0:0:0:0:1 - - [17/Jun/2020:15:08:41 +0800] "GET /nacos/console-fe/public/js/merge.js HTTP/1.1" 200 38881 66 Mozilla/5.0 (Windows NT 10.0; WOW64) AppleWebKit/537.36 (KHTML, like Gecko) Chrome/80.0.3987.100 Safari/537.36
0:0:0:0:0:0:0:1 - - [17/Jun/2020:15:08:41 +0800] "GET /nacos/console-fe/public/js/codemirror.lib.clike-lint.js HTTP/1.1" 200 32319 69 Mozilla/5.0 (Windows NT 10.0; WOW64) AppleWebKit/537.36 (KHTML, like Gecko) Chrome/80.0.3987.100 Safari/537.36
0:0:0:0:0:0:0:1 - - [17/Jun/2020:15:08:41 +0800] "GET /nacos/console-fe/public/js/loader.js HTTP/1.1" 200 28906 50 Mozilla/5.0 (Windows NT 10.0; WOW64) AppleWebKit/537.36 (KHTML, like Gecko) Chrome/80.0.3987.100 Safari/537.36
0:0:0:0:0:0:0:1 - - [17/Jun/2020:15:08:42 +0800] "GET /nacos/js/main.js HTTP/1.1" 200 1463343 94 Mozilla/5.0 (Windows NT 10.0; WOW64) AppleWebKit/537.36 (KHTML, like Gecko) Chrome/80.0.3987.100 Safari/537.36
0:0:0:0:0:0:0:1 - - [17/Jun/2020:15:08:42 +0800] "GET /nacos/console-fe/public/js/vs/editor/editor.main.js HTTP/1.1" 200 1824154 75 Mozilla/5.0 (Windows NT 10.0; WOW64) AppleWebKit/537.36 (KHTML, like Gecko) Chrome/80.0.3987.100 Safari/537.36
0:0:0:0:0:0:0:1 - - [17/Jun/2020:15:08:42 +0800] "GET /nacos/img/black_dot.png HTTP/1.1" 200 114 36 Mozilla/5.0 (Windows NT 10.0; WOW64) AppleWebKit/537.36 (KHTML, like Gecko) Chrome/80.0.3987.100 Safari/537.36
0:0:0:0:0:0:0:1 - - [17/Jun/2020:15:08:42 +0800] "GET /nacos/img/logo-2000-390.svg HTTP/1.1" 200 2106 30 Mozilla/5.0 (Windows NT 10.0; WOW64) AppleWebKit/537.36 (KHTML, like Gecko) Chrome/80.0.3987.100 Safari/537.36
0:0:0:0:0:0:0:1 - - [17/Jun/2020:15:08:42 +0800] "GET /nacos/img/nacos.png HTTP/1.1" 200 3588 32 Mozilla/5.0 (Windows NT 10.0; WOW64) AppleWebKit/537.36 (KHTML, like Gecko) Chrome/80.0.3987.100 Safari/537.36
0:0:0:0:0:0:0:1 - - [17/Jun/2020:15:08:42 +0800] "GET /nacos/console-fe/public/js/vs/editor/editor.main.css HTTP/1.1" 200 172204 99 Mozilla/5.0 (Windows NT 10.0; WOW64) AppleWebKit/537.36 (KHTML, like Gecko) Chrome/80.0.3987.100 Safari/537.36
0:0:0:0:0:0:0:1 - - [17/Jun/2020:15:08:42 +0800] "GET /nacos/console-fe/public/js/vs/editor/editor.main.nls.zh-cn.js HTTP/1.1" 200 22867 94 Mozilla/5.0 (Windows NT 10.0; WOW64) AppleWebKit/537.36 (KHTML, like Gecko) Chrome/80.0.3987.100 Safari/537.36
0:0:0:0:0:0:0:1 - - [17/Jun/2020:15:08:42 +0800] "GET /nacos/console-fe/public/img/favicon.ico HTTP/1.1" 200 4286 86 Mozilla/5.0 (Windows NT 10.0; WOW64) AppleWebKit/537.36 (KHTML, like Gecko) Chrome/80.0.3987.100 Safari/537.36
0:0:0:0:0:0:0:1 - - [17/Jun/2020:15:08:50 +0800] "POST /nacos/v1/auth/users/login HTTP/1.1" 200 173 1124 Mozilla/5.0 (Windows NT 10.0; WOW64) AppleWebKit/537.36 (KHTML, like Gecko) Chrome/80.0.3987.100 Safari/537.36
0:0:0:0:0:0:0:1 - - [17/Jun/2020:15:08:50 +0800] "GET /nacos/v1/console/server/state?accessToken=eyJhbGciOiJIUzI1NiJ9.eyJzdWIiOiJuYWNvcyIsImV4cCI6MTU5MjM5NTcyOX0.ZCRXDhXbMp37BF2LMcwE8TtvlHhHFR_UGEaIYYjNX_s HTTP/1.1" 200 87 22 Mozilla/5.0 (Windows NT 10.0; WOW64) AppleWebKit/537.36 (KHTML, like Gecko) Chrome/80.0.3987.100 Safari/537.36
0:0:0:0:0:0:0:1 - - [17/Jun/2020:15:08:50 +0800] "GET /nacos/console-fe/public/icons/icon-font.woff2 HTTP/1.1" 404 177 80 Mozilla/5.0 (Windows NT 10.0; WOW64) AppleWebKit/537.36 (KHTML, like Gecko) Chrome/80.0.3987.100 Safari/537.36
0:0:0:0:0:0:0:1 - - [17/Jun/2020:15:08:50 +0800] "GET /nacos/console-fe/public/icons/icon-font.woff HTTP/1.1" 200 5504 44 Mozilla/5.0 (Windows NT 10.0; WOW64) AppleWebKit/537.36 (KHTML, like Gecko) Chrome/80.0.3987.100 Safari/537.36
0:0:0:0:0:0:0:1 - - [17/Jun/2020:15:08:50 +0800] "GET /nacos/v1/console/namespaces?&accessToken=eyJhbGciOiJIUzI1NiJ9.eyJzdWIiOiJuYWNvcyIsImV4cCI6MTU5MjM5NTcyOX0.ZCRXDhXbMp37BF2LMcwE8TtvlHhHFR_UGEaIYYjNX_s&namespaceId= HTTP/1.1" 200 130 181 Mozilla/5.0 (Windows NT 10.0; WOW64) AppleWebKit/537.36 (KHTML, like Gecko) Chrome/80.0.3987.100 Safari/537.36
0:0:0:0:0:0:0:1 - - [17/Jun/2020:15:08:50 +0800] "GET /nacos/v1/cs/configs?dataId=&group=&appName=&config_tags=&pageNo=1&pageSize=10&tenant=&search=accurate&accessToken=eyJhbGciOiJIUzI1NiJ9.eyJzdWIiOiJuYWNvcyIsImV4cCI6MTU5MjM5NTcyOX0.ZCRXDhXbMp37BF2LMcwE8TtvlHhHFR_UGEaIYYjNX_s HTTP/1.1" 200 76 52 Mozilla/5.0 (Windows NT 10.0; WOW64) AppleWebKit/537.36 (KHTML, like Gecko) Chrome/80.0.3987.100 Safari/537.36
0:0:0:0:0:0:0:1 - - [17/Jun/2020:15:08:56 +0800] "GET /nacos/v1/cs/configs?dataId=&group=&appName=&config_tags=&pageNo=1&pageSize=10&tenant=&search=accurate&accessToken=eyJhbGciOiJIUzI1NiJ9.eyJzdWIiOiJuYWNvcyIsImV4cCI6MTU5MjM5NTcyOX0.ZCRXDhXbMp37BF2LMcwE8TtvlHhHFR_UGEaIYYjNX_s HTTP/1.1" 200 76 6 Mozilla/5.0 (Windows NT 10.0; WOW64) AppleWebKit/537.36 (KHTML, like Gecko) Chrome/80.0.3987.100 Safari/537.36
0:0:0:0:0:0:0:1 - - [17/Jun/2020:15:10:41 +0800] "GET /nacos/v1/console/namespaces?&accessToken=eyJhbGciOiJIUzI1NiJ9.eyJzdWIiOiJuYWNvcyIsImV4cCI6MTU5MjM5NTcyOX0.ZCRXDhXbMp37BF2LMcwE8TtvlHhHFR_UGEaIYYjNX_s&namespaceId= HTTP/1.1" 200 130 6 Mozilla/5.0 (Windows NT 10.0; WOW64) AppleWebKit/537.36 (KHTML, like Gecko) Chrome/80.0.3987.100 Safari/537.36
