2020-07-16 00:04:14,687 INFO PERFORMANCE:|0|0|-1|-1

2020-07-16 00:09:14,690 INFO PERFORMANCE:|0|0|-1|-1

2020-07-16 00:14:14,691 INFO PERFORMANCE:|0|0|-1|-1

2020-07-16 00:19:14,693 INFO PERFORMANCE:|0|0|-1|-1

2020-07-16 00:24:14,694 INFO PERFORMANCE:|0|0|-1|-1

2020-07-16 00:29:14,695 INFO PERFORMANCE:|0|0|-1|-1

2020-07-16 00:34:14,696 INFO PERFORMANCE:|0|0|-1|-1

2020-07-16 00:39:14,698 INFO PERFORMANCE:|0|0|-1|-1

2020-07-16 00:44:14,700 INFO PERFORMANCE:|0|0|-1|-1

2020-07-16 00:49:14,701 INFO PERFORMANCE:|0|0|-1|-1

2020-07-16 00:54:14,703 INFO PERFORMANCE:|0|0|-1|-1

2020-07-16 00:59:14,705 INFO PERFORMANCE:|0|0|-1|-1

2020-07-16 01:04:14,707 INFO PERFORMANCE:|0|0|-1|-1

2020-07-16 01:09:14,709 INFO PERFORMANCE:|0|0|-1|-1

2020-07-16 01:14:14,710 INFO PERFORMANCE:|0|0|-1|-1

2020-07-16 01:19:14,711 INFO PERFORMANCE:|0|0|-1|-1

2020-07-16 01:24:14,712 INFO PERFORMANCE:|0|0|-1|-1

2020-07-16 01:29:14,713 INFO PERFORMANCE:|0|0|-1|-1

2020-07-16 01:34:14,714 INFO PERFORMANCE:|0|0|-1|-1

2020-07-16 01:39:14,715 INFO PERFORMANCE:|0|0|-1|-1

2020-07-16 01:44:14,716 INFO PERFORMANCE:|0|0|-1|-1

2020-07-16 01:49:14,717 INFO PERFORMANCE:|0|0|-1|-1

2020-07-16 01:54:14,719 INFO PERFORMANCE:|0|0|-1|-1

2020-07-16 01:59:14,721 INFO PERFORMANCE:|0|0|-1|-1

2020-07-16 02:04:14,721 INFO PERFORMANCE:|0|0|-1|-1

2020-07-16 02:09:14,722 INFO PERFORMANCE:|0|0|-1|-1

2020-07-16 02:14:14,723 INFO PERFORMANCE:|0|0|-1|-1

2020-07-16 02:19:14,724 INFO PERFORMANCE:|0|0|-1|-1

2020-07-16 02:24:14,726 INFO PERFORMANCE:|0|0|-1|-1

2020-07-16 02:29:14,727 INFO PERFORMANCE:|0|0|-1|-1

2020-07-16 02:34:14,728 INFO PERFORMANCE:|0|0|-1|-1

2020-07-16 02:39:14,730 INFO PERFORMANCE:|0|0|-1|-1

2020-07-16 02:44:14,731 INFO PERFORMANCE:|0|0|-1|-1

2020-07-16 02:49:14,732 INFO PERFORMANCE:|0|0|-1|-1

2020-07-16 02:54:14,733 INFO PERFORMANCE:|0|0|-1|-1

2020-07-16 02:59:14,735 INFO PERFORMANCE:|0|0|-1|-1

2020-07-16 03:04:14,736 INFO PERFORMANCE:|0|0|-1|-1

2020-07-16 03:09:14,737 INFO PERFORMANCE:|0|0|-1|-1

2020-07-16 03:14:14,737 INFO PERFORMANCE:|0|0|-1|-1

2020-07-16 03:19:14,739 INFO PERFORMANCE:|0|0|-1|-1

2020-07-16 03:24:14,740 INFO PERFORMANCE:|0|0|-1|-1

2020-07-16 03:29:14,740 INFO PERFORMANCE:|0|0|-1|-1

2020-07-16 03:34:14,742 INFO PERFORMANCE:|0|0|-1|-1

2020-07-16 03:39:14,743 INFO PERFORMANCE:|0|0|-1|-1

2020-07-16 03:44:14,745 INFO PERFORMANCE:|0|0|-1|-1

2020-07-16 03:49:14,747 INFO PERFORMANCE:|0|0|-1|-1

2020-07-16 03:54:14,748 INFO PERFORMANCE:|0|0|-1|-1

2020-07-16 03:59:14,750 INFO PERFORMANCE:|0|0|-1|-1

2020-07-16 04:04:14,751 INFO PERFORMANCE:|0|0|-1|-1

2020-07-16 04:09:14,752 INFO PERFORMANCE:|0|0|-1|-1

2020-07-16 04:14:14,752 INFO PERFORMANCE:|0|0|-1|-1

2020-07-16 04:19:14,754 INFO PERFORMANCE:|0|0|-1|-1

2020-07-16 04:24:14,756 INFO PERFORMANCE:|0|0|-1|-1

2020-07-16 04:29:14,756 INFO PERFORMANCE:|0|0|-1|-1

2020-07-16 04:34:14,757 INFO PERFORMANCE:|0|0|-1|-1

2020-07-16 04:39:14,759 INFO PERFORMANCE:|0|0|-1|-1

2020-07-16 04:44:14,760 INFO PERFORMANCE:|0|0|-1|-1

2020-07-16 04:49:14,762 INFO PERFORMANCE:|0|0|-1|-1

2020-07-16 04:54:14,762 INFO PERFORMANCE:|0|0|-1|-1

2020-07-16 04:59:14,764 INFO PERFORMANCE:|0|0|-1|-1

2020-07-16 05:04:14,765 INFO PERFORMANCE:|0|0|-1|-1

2020-07-16 05:09:14,766 INFO PERFORMANCE:|0|0|-1|-1

2020-07-16 05:14:14,768 INFO PERFORMANCE:|0|0|-1|-1

2020-07-16 05:19:14,769 INFO PERFORMANCE:|0|0|-1|-1

2020-07-16 05:24:14,770 INFO PERFORMANCE:|0|0|-1|-1

2020-07-16 05:29:14,772 INFO PERFORMANCE:|0|0|-1|-1

2020-07-16 05:34:14,773 INFO PERFORMANCE:|0|0|-1|-1

2020-07-16 05:39:14,774 INFO PERFORMANCE:|0|0|-1|-1

2020-07-16 05:44:14,775 INFO PERFORMANCE:|0|0|-1|-1

2020-07-16 05:49:14,776 INFO PERFORMANCE:|0|0|-1|-1

2020-07-16 05:54:14,778 INFO PERFORMANCE:|0|0|-1|-1

2020-07-16 05:59:14,779 INFO PERFORMANCE:|0|0|-1|-1

2020-07-16 06:04:14,780 INFO PERFORMANCE:|0|0|-1|-1

2020-07-16 06:09:14,781 INFO PERFORMANCE:|0|0|-1|-1

2020-07-16 06:14:14,783 INFO PERFORMANCE:|0|0|-1|-1

2020-07-16 06:19:14,783 INFO PERFORMANCE:|0|0|-1|-1

2020-07-16 06:24:14,785 INFO PERFORMANCE:|0|0|-1|-1

2020-07-16 06:29:14,787 INFO PERFORMANCE:|0|0|-1|-1

2020-07-16 06:34:14,788 INFO PERFORMANCE:|0|0|-1|-1

2020-07-16 06:39:14,789 INFO PERFORMANCE:|0|0|-1|-1

2020-07-16 06:44:14,790 INFO PERFORMANCE:|0|0|-1|-1

2020-07-16 06:49:14,791 INFO PERFORMANCE:|0|0|-1|-1

2020-07-16 06:54:14,793 INFO PERFORMANCE:|0|0|-1|-1

2020-07-16 06:59:14,793 INFO PERFORMANCE:|0|0|-1|-1

2020-07-16 07:04:14,794 INFO PERFORMANCE:|0|0|-1|-1

2020-07-16 07:09:14,795 INFO PERFORMANCE:|0|0|-1|-1

2020-07-16 07:14:14,796 INFO PERFORMANCE:|0|0|-1|-1

2020-07-16 07:19:14,798 INFO PERFORMANCE:|0|0|-1|-1

2020-07-16 07:24:14,799 INFO PERFORMANCE:|0|0|-1|-1

2020-07-16 07:29:14,801 INFO PERFORMANCE:|0|0|-1|-1

2020-07-16 07:34:14,803 INFO PERFORMANCE:|0|0|-1|-1

2020-07-16 07:39:14,804 INFO PERFORMANCE:|0|0|-1|-1

2020-07-16 07:44:14,805 INFO PERFORMANCE:|0|0|-1|-1

2020-07-16 07:49:14,806 INFO PERFORMANCE:|0|0|-1|-1

2020-07-16 07:54:14,807 INFO PERFORMANCE:|0|0|-1|-1

2020-07-16 07:59:14,808 INFO PERFORMANCE:|0|0|-1|-1

2020-07-16 08:04:14,810 INFO PERFORMANCE:|0|0|-1|-1

2020-07-16 08:09:14,810 INFO PERFORMANCE:|0|0|-1|-1

2020-07-16 08:14:14,811 INFO PERFORMANCE:|0|0|-1|-1

2020-07-16 08:19:14,812 INFO PERFORMANCE:|0|0|-1|-1

2020-07-16 08:24:14,814 INFO PERFORMANCE:|0|0|-1|-1

2020-07-16 08:29:14,815 INFO PERFORMANCE:|0|0|-1|-1

2020-07-16 08:34:14,817 INFO PERFORMANCE:|0|0|-1|-1

2020-07-16 08:39:14,818 INFO PERFORMANCE:|0|0|-1|-1

2020-07-16 08:44:14,818 INFO PERFORMANCE:|0|0|-1|-1

2020-07-16 08:49:14,820 INFO PERFORMANCE:|0|0|-1|-1

2020-07-16 08:54:14,822 INFO PERFORMANCE:|0|0|-1|-1

2020-07-16 08:59:14,824 INFO PERFORMANCE:|0|0|-1|-1

2020-07-16 09:04:14,827 INFO PERFORMANCE:|0|0|-1|-1

2020-07-16 09:09:14,828 INFO PERFORMANCE:|0|0|-1|-1

2020-07-16 09:14:14,830 INFO PERFORMANCE:|1|1|-1|-1

2020-07-16 09:19:14,831 INFO PERFORMANCE:|1|1|-1|-1

2020-07-16 09:24:14,833 INFO PERFORMANCE:|1|1|-1|-1

2020-07-16 09:29:14,834 INFO PERFORMANCE:|1|1|-1|-1

2020-07-16 09:34:14,835 INFO PERFORMANCE:|1|1|-1|-1

2020-07-16 09:39:14,836 INFO PERFORMANCE:|1|1|-1|-1

2020-07-16 09:44:14,838 INFO PERFORMANCE:|1|1|-1|-1

2020-07-16 09:49:14,839 INFO PERFORMANCE:|1|1|-1|-1

2020-07-16 09:54:14,840 INFO PERFORMANCE:|1|1|-1|-1

2020-07-16 09:59:14,840 INFO PERFORMANCE:|1|1|-1|-1

2020-07-16 10:04:14,841 INFO PERFORMANCE:|1|1|-1|-1

2020-07-16 10:09:14,843 INFO PERFORMANCE:|1|1|-1|-1

2020-07-16 10:14:14,844 INFO PERFORMANCE:|1|1|-1|-1

2020-07-16 10:19:14,845 INFO PERFORMANCE:|1|1|-1|-1

2020-07-16 10:24:14,846 INFO PERFORMANCE:|1|1|-1|-1

2020-07-16 10:29:14,848 INFO PERFORMANCE:|1|1|-1|-1

2020-07-16 10:34:14,849 INFO PERFORMANCE:|1|1|-1|-1

2020-07-16 10:39:14,851 INFO PERFORMANCE:|1|1|-1|-1

2020-07-16 10:44:14,852 INFO PERFORMANCE:|1|1|-1|-1

2020-07-16 10:49:14,854 INFO PERFORMANCE:|1|1|-1|-1

2020-07-16 10:54:14,855 INFO PERFORMANCE:|1|1|-1|-1

2020-07-16 10:59:14,856 INFO PERFORMANCE:|1|1|-1|-1

2020-07-16 11:04:14,857 INFO PERFORMANCE:|1|1|-1|-1

2020-07-16 11:09:14,858 INFO PERFORMANCE:|1|1|-1|-1

2020-07-16 11:14:14,860 INFO PERFORMANCE:|1|1|-1|-1

2020-07-16 11:19:14,861 INFO PERFORMANCE:|1|1|-1|-1

2020-07-16 11:24:14,863 INFO PERFORMANCE:|1|1|-1|-1

2020-07-16 11:29:14,865 INFO PERFORMANCE:|1|1|-1|-1

2020-07-16 11:34:14,866 INFO PERFORMANCE:|1|1|-1|-1

2020-07-16 11:39:14,867 INFO PERFORMANCE:|1|1|-1|-1

2020-07-16 11:44:14,867 INFO PERFORMANCE:|1|1|-1|-1

2020-07-16 11:49:14,869 INFO PERFORMANCE:|1|1|-1|-1

2020-07-16 11:54:14,870 INFO PERFORMANCE:|1|1|-1|-1

2020-07-16 11:59:14,872 INFO PERFORMANCE:|1|1|-1|-1

2020-07-16 12:04:14,873 INFO PERFORMANCE:|1|1|-1|-1

2020-07-16 12:09:14,874 INFO PERFORMANCE:|1|1|-1|-1

2020-07-16 12:14:14,875 INFO PERFORMANCE:|1|1|-1|-1

2020-07-16 12:19:14,877 INFO PERFORMANCE:|1|1|-1|-1

2020-07-16 12:24:14,878 INFO PERFORMANCE:|1|1|-1|-1

2020-07-16 12:29:14,879 INFO PERFORMANCE:|1|1|-1|-1

2020-07-16 12:34:14,880 INFO PERFORMANCE:|1|1|-1|-1

2020-07-16 12:39:14,881 INFO PERFORMANCE:|1|1|-1|-1

2020-07-16 12:44:14,882 INFO PERFORMANCE:|1|1|-1|-1

2020-07-16 12:49:14,884 INFO PERFORMANCE:|1|1|-1|-1

2020-07-16 12:54:14,885 INFO PERFORMANCE:|1|1|-1|-1

2020-07-16 12:59:14,886 INFO PERFORMANCE:|1|1|-1|-1

2020-07-16 13:04:14,888 INFO PERFORMANCE:|1|1|-1|-1

2020-07-16 13:09:14,888 INFO PERFORMANCE:|1|1|-1|-1

2020-07-16 13:14:14,890 INFO PERFORMANCE:|1|1|-1|-1

2020-07-16 13:19:14,891 INFO PERFORMANCE:|1|1|-1|-1

2020-07-16 13:24:14,892 INFO PERFORMANCE:|1|1|-1|-1

2020-07-16 13:29:14,892 INFO PERFORMANCE:|1|1|-1|-1

2020-07-16 13:34:14,894 INFO PERFORMANCE:|1|1|-1|-1

2020-07-16 13:39:14,895 INFO PERFORMANCE:|1|1|-1|-1

2020-07-16 13:44:14,896 INFO PERFORMANCE:|1|1|-1|-1

2020-07-16 13:49:14,897 INFO PERFORMANCE:|1|1|-1|-1

2020-07-16 13:54:14,899 INFO PERFORMANCE:|1|1|-1|-1

2020-07-16 13:59:14,901 INFO PERFORMANCE:|1|1|-1|-1

2020-07-16 14:04:14,903 INFO PERFORMANCE:|1|1|-1|-1

