2020-07-16 00:08:42,999 INFO [capacityManagement] start correct usage

2020-07-16 00:08:43,007 INFO [capacityManagement] end correct usage, cost: 0s

2020-07-16 00:08:43,106 WARN clearConfigHistory start

2020-07-16 00:18:43,008 INFO [capacityManagement] start correct usage

2020-07-16 00:18:43,009 INFO [capacityManagement] end correct usage, cost: 0s

2020-07-16 00:18:43,107 WARN clearConfigHistory start

2020-07-16 00:28:43,010 INFO [capacityManagement] start correct usage

2020-07-16 00:28:43,010 INFO [capacityManagement] end correct usage, cost: 0s

2020-07-16 00:28:43,110 WARN clearConfigHistory start

2020-07-16 00:38:43,013 INFO [capacityManagement] start correct usage

2020-07-16 00:38:43,013 INFO [capacityManagement] end correct usage, cost: 0s

2020-07-16 00:38:43,113 WARN clearConfigHistory start

2020-07-16 00:48:43,015 INFO [capacityManagement] start correct usage

2020-07-16 00:48:43,016 INFO [capacityManagement] end correct usage, cost: 0s

2020-07-16 00:48:43,115 WARN clearConfigHistory start

2020-07-16 00:58:43,016 INFO [capacityManagement] start correct usage

2020-07-16 00:58:43,017 INFO [capacityManagement] end correct usage, cost: 0s

2020-07-16 00:58:43,117 WARN clearConfigHistory start

2020-07-16 01:08:43,018 INFO [capacityManagement] start correct usage

2020-07-16 01:08:43,019 INFO [capacityManagement] end correct usage, cost: 0s

2020-07-16 01:08:43,122 WARN clearConfigHistory start

2020-07-16 01:18:43,020 INFO [capacityManagement] start correct usage

2020-07-16 01:18:43,021 INFO [capacityManagement] end correct usage, cost: 0s

2020-07-16 01:18:43,230 WARN clearConfigHistory start

2020-07-16 01:28:43,023 INFO [capacityManagement] start correct usage

2020-07-16 01:28:43,023 INFO [capacityManagement] end correct usage, cost: 0s

2020-07-16 01:28:43,231 WARN clearConfigHistory start

2020-07-16 01:38:43,025 INFO [capacityManagement] start correct usage

2020-07-16 01:38:43,025 INFO [capacityManagement] end correct usage, cost: 0s

2020-07-16 01:38:43,233 WARN clearConfigHistory start

2020-07-16 01:48:43,027 INFO [capacityManagement] start correct usage

2020-07-16 01:48:43,027 INFO [capacityManagement] end correct usage, cost: 0s

2020-07-16 01:48:43,234 WARN clearConfigHistory start

2020-07-16 01:58:43,029 INFO [capacityManagement] start correct usage

2020-07-16 01:58:43,030 INFO [capacityManagement] end correct usage, cost: 0s

2020-07-16 01:58:43,236 WARN clearConfigHistory start

2020-07-16 02:08:43,032 INFO [capacityManagement] start correct usage

2020-07-16 02:08:43,033 INFO [capacityManagement] end correct usage, cost: 0s

2020-07-16 02:08:43,238 WARN clearConfigHistory start

2020-07-16 02:18:43,034 INFO [capacityManagement] start correct usage

2020-07-16 02:18:43,036 INFO [capacityManagement] end correct usage, cost: 0s

2020-07-16 02:18:43,239 WARN clearConfigHistory start

2020-07-16 02:28:43,038 INFO [capacityManagement] start correct usage

2020-07-16 02:28:43,041 INFO [capacityManagement] end correct usage, cost: 0s

2020-07-16 02:28:43,242 WARN clearConfigHistory start

2020-07-16 02:38:43,043 INFO [capacityManagement] start correct usage

2020-07-16 02:38:43,044 INFO [capacityManagement] end correct usage, cost: 0s

2020-07-16 02:38:43,245 WARN clearConfigHistory start

2020-07-16 02:48:43,047 INFO [capacityManagement] start correct usage

2020-07-16 02:48:43,048 INFO [capacityManagement] end correct usage, cost: 0s

2020-07-16 02:48:43,248 WARN clearConfigHistory start

2020-07-16 02:58:43,049 INFO [capacityManagement] start correct usage

2020-07-16 02:58:43,050 INFO [capacityManagement] end correct usage, cost: 0s

2020-07-16 02:58:43,253 WARN clearConfigHistory start

2020-07-16 03:08:43,051 INFO [capacityManagement] start correct usage

2020-07-16 03:08:43,053 INFO [capacityManagement] end correct usage, cost: 0s

2020-07-16 03:08:43,255 WARN clearConfigHistory start

2020-07-16 03:18:43,055 INFO [capacityManagement] start correct usage

2020-07-16 03:18:43,056 INFO [capacityManagement] end correct usage, cost: 0s

2020-07-16 03:18:43,257 WARN clearConfigHistory start

2020-07-16 03:28:43,058 INFO [capacityManagement] start correct usage

2020-07-16 03:28:43,058 INFO [capacityManagement] end correct usage, cost: 0s

2020-07-16 03:28:43,258 WARN clearConfigHistory start

2020-07-16 03:38:43,059 INFO [capacityManagement] start correct usage

2020-07-16 03:38:43,062 INFO [capacityManagement] end correct usage, cost: 0s

2020-07-16 03:38:43,261 WARN clearConfigHistory start

2020-07-16 03:48:43,063 INFO [capacityManagement] start correct usage

2020-07-16 03:48:43,064 INFO [capacityManagement] end correct usage, cost: 0s

2020-07-16 03:48:43,262 WARN clearConfigHistory start

2020-07-16 03:58:43,066 INFO [capacityManagement] start correct usage

2020-07-16 03:58:43,068 INFO [capacityManagement] end correct usage, cost: 0s

2020-07-16 03:58:43,264 WARN clearConfigHistory start

2020-07-16 04:08:43,068 INFO [capacityManagement] start correct usage

2020-07-16 04:08:43,069 INFO [capacityManagement] end correct usage, cost: 0s

2020-07-16 04:08:43,266 WARN clearConfigHistory start

2020-07-16 04:18:43,070 INFO [capacityManagement] start correct usage

2020-07-16 04:18:43,071 INFO [capacityManagement] end correct usage, cost: 0s

2020-07-16 04:18:43,269 WARN clearConfigHistory start

2020-07-16 04:28:43,072 INFO [capacityManagement] start correct usage

2020-07-16 04:28:43,073 INFO [capacityManagement] end correct usage, cost: 0s

2020-07-16 04:28:43,270 WARN clearConfigHistory start

2020-07-16 04:38:43,075 INFO [capacityManagement] start correct usage

2020-07-16 04:38:43,078 INFO [capacityManagement] end correct usage, cost: 0s

2020-07-16 04:38:43,274 WARN clearConfigHistory start

2020-07-16 04:48:43,079 INFO [capacityManagement] start correct usage

2020-07-16 04:48:43,083 INFO [capacityManagement] end correct usage, cost: 0s

2020-07-16 04:48:43,278 WARN clearConfigHistory start

2020-07-16 04:58:43,086 INFO [capacityManagement] start correct usage

2020-07-16 04:58:43,086 INFO [capacityManagement] end correct usage, cost: 0s

2020-07-16 04:58:43,279 WARN clearConfigHistory start

2020-07-16 05:08:43,089 INFO [capacityManagement] start correct usage

2020-07-16 05:08:43,089 INFO [capacityManagement] end correct usage, cost: 0s

2020-07-16 05:08:43,281 WARN clearConfigHistory start

2020-07-16 05:18:43,091 INFO [capacityManagement] start correct usage

2020-07-16 05:18:43,095 INFO [capacityManagement] end correct usage, cost: 0s

2020-07-16 05:18:43,282 WARN clearConfigHistory start

2020-07-16 05:28:43,096 INFO [capacityManagement] start correct usage

2020-07-16 05:28:43,097 INFO [capacityManagement] end correct usage, cost: 0s

2020-07-16 05:28:43,283 WARN clearConfigHistory start

2020-07-16 05:38:43,099 INFO [capacityManagement] start correct usage

2020-07-16 05:38:43,102 INFO [capacityManagement] end correct usage, cost: 0s

2020-07-16 05:38:43,285 WARN clearConfigHistory start

2020-07-16 05:48:43,102 INFO [capacityManagement] start correct usage

2020-07-16 05:48:43,103 INFO [capacityManagement] end correct usage, cost: 0s

2020-07-16 05:48:43,293 WARN clearConfigHistory start

2020-07-16 05:58:43,104 INFO [capacityManagement] start correct usage

2020-07-16 05:58:43,105 INFO [capacityManagement] end correct usage, cost: 0s

2020-07-16 05:58:43,295 WARN clearConfigHistory start

2020-07-16 06:08:43,106 INFO [capacityManagement] start correct usage

2020-07-16 06:08:43,109 INFO [capacityManagement] end correct usage, cost: 0s

2020-07-16 06:08:43,297 WARN clearConfigHistory start

2020-07-16 06:18:43,112 INFO [capacityManagement] start correct usage

2020-07-16 06:18:43,116 INFO [capacityManagement] end correct usage, cost: 0s

2020-07-16 06:18:43,299 WARN clearConfigHistory start

2020-07-16 06:28:43,117 INFO [capacityManagement] start correct usage

2020-07-16 06:28:43,118 INFO [capacityManagement] end correct usage, cost: 0s

2020-07-16 06:28:43,301 WARN clearConfigHistory start

2020-07-16 06:38:43,120 INFO [capacityManagement] start correct usage

2020-07-16 06:38:43,123 INFO [capacityManagement] end correct usage, cost: 0s

2020-07-16 06:38:43,302 WARN clearConfigHistory start

2020-07-16 06:48:43,125 INFO [capacityManagement] start correct usage

2020-07-16 06:48:43,129 INFO [capacityManagement] end correct usage, cost: 0s

2020-07-16 06:48:43,306 WARN clearConfigHistory start

2020-07-16 06:58:43,130 INFO [capacityManagement] start correct usage

2020-07-16 06:58:43,130 INFO [capacityManagement] end correct usage, cost: 0s

2020-07-16 06:58:43,308 WARN clearConfigHistory start

2020-07-16 07:08:43,133 INFO [capacityManagement] start correct usage

2020-07-16 07:08:43,134 INFO [capacityManagement] end correct usage, cost: 0s

2020-07-16 07:08:43,310 WARN clearConfigHistory start

2020-07-16 07:18:43,135 INFO [capacityManagement] start correct usage

2020-07-16 07:18:43,136 INFO [capacityManagement] end correct usage, cost: 0s

2020-07-16 07:18:43,311 WARN clearConfigHistory start

2020-07-16 07:28:43,137 INFO [capacityManagement] start correct usage

2020-07-16 07:28:43,141 INFO [capacityManagement] end correct usage, cost: 0s

2020-07-16 07:28:43,312 WARN clearConfigHistory start

2020-07-16 07:38:43,143 INFO [capacityManagement] start correct usage

2020-07-16 07:38:43,145 INFO [capacityManagement] end correct usage, cost: 0s

2020-07-16 07:38:43,314 WARN clearConfigHistory start

2020-07-16 07:48:43,146 INFO [capacityManagement] start correct usage

2020-07-16 07:48:43,147 INFO [capacityManagement] end correct usage, cost: 0s

2020-07-16 07:48:43,322 WARN clearConfigHistory start

2020-07-16 07:58:43,148 INFO [capacityManagement] start correct usage

2020-07-16 07:58:43,151 INFO [capacityManagement] end correct usage, cost: 0s

2020-07-16 07:58:43,326 WARN clearConfigHistory start

2020-07-16 08:08:43,153 INFO [capacityManagement] start correct usage

2020-07-16 08:08:43,156 INFO [capacityManagement] end correct usage, cost: 0s

2020-07-16 08:08:43,329 WARN clearConfigHistory start

2020-07-16 08:18:43,158 INFO [capacityManagement] start correct usage

2020-07-16 08:18:43,158 INFO [capacityManagement] end correct usage, cost: 0s

2020-07-16 08:18:43,331 WARN clearConfigHistory start

2020-07-16 08:28:43,161 INFO [capacityManagement] start correct usage

2020-07-16 08:28:43,164 INFO [capacityManagement] end correct usage, cost: 0s

2020-07-16 08:28:43,332 WARN clearConfigHistory start

2020-07-16 08:38:43,166 INFO [capacityManagement] start correct usage

2020-07-16 08:38:43,169 INFO [capacityManagement] end correct usage, cost: 0s

2020-07-16 08:38:43,335 WARN clearConfigHistory start

2020-07-16 08:48:43,170 INFO [capacityManagement] start correct usage

2020-07-16 08:48:43,171 INFO [capacityManagement] end correct usage, cost: 0s

2020-07-16 08:48:43,336 WARN clearConfigHistory start

2020-07-16 08:58:43,173 INFO [capacityManagement] start correct usage

2020-07-16 08:58:43,174 INFO [capacityManagement] end correct usage, cost: 0s

2020-07-16 08:58:43,338 WARN clearConfigHistory start

2020-07-16 09:08:43,175 INFO [capacityManagement] start correct usage

2020-07-16 09:08:43,176 INFO [capacityManagement] end correct usage, cost: 0s

2020-07-16 09:08:43,339 WARN clearConfigHistory start

2020-07-16 09:18:43,177 INFO [capacityManagement] start correct usage

2020-07-16 09:18:43,181 INFO [capacityManagement] end correct usage, cost: 0s

2020-07-16 09:18:43,343 WARN clearConfigHistory start

2020-07-16 09:28:43,184 INFO [capacityManagement] start correct usage

2020-07-16 09:28:43,185 INFO [capacityManagement] end correct usage, cost: 0s

2020-07-16 09:28:43,348 WARN clearConfigHistory start

2020-07-16 09:38:43,186 INFO [capacityManagement] start correct usage

2020-07-16 09:38:43,186 INFO [capacityManagement] end correct usage, cost: 0s

2020-07-16 09:38:43,350 WARN clearConfigHistory start

2020-07-16 09:48:43,189 INFO [capacityManagement] start correct usage

2020-07-16 09:48:43,189 INFO [capacityManagement] end correct usage, cost: 0s

2020-07-16 09:48:43,352 WARN clearConfigHistory start

2020-07-16 09:58:43,191 INFO [capacityManagement] start correct usage

2020-07-16 09:58:43,192 INFO [capacityManagement] end correct usage, cost: 0s

2020-07-16 09:58:43,353 WARN clearConfigHistory start

2020-07-16 10:08:43,193 INFO [capacityManagement] start correct usage

2020-07-16 10:08:43,194 INFO [capacityManagement] end correct usage, cost: 0s

2020-07-16 10:08:43,356 WARN clearConfigHistory start

2020-07-16 10:18:43,196 INFO [capacityManagement] start correct usage

2020-07-16 10:18:43,201 INFO [capacityManagement] end correct usage, cost: 0s

2020-07-16 10:18:43,356 WARN clearConfigHistory start

2020-07-16 10:28:43,202 INFO [capacityManagement] start correct usage

2020-07-16 10:28:43,203 INFO [capacityManagement] end correct usage, cost: 0s

2020-07-16 10:28:43,362 WARN clearConfigHistory start

2020-07-16 10:38:43,204 INFO [capacityManagement] start correct usage

2020-07-16 10:38:43,205 INFO [capacityManagement] end correct usage, cost: 0s

2020-07-16 10:38:43,365 WARN clearConfigHistory start

2020-07-16 10:48:43,206 INFO [capacityManagement] start correct usage

2020-07-16 10:48:43,207 INFO [capacityManagement] end correct usage, cost: 0s

2020-07-16 10:48:43,368 WARN clearConfigHistory start

2020-07-16 10:58:43,209 INFO [capacityManagement] start correct usage

2020-07-16 10:58:43,209 INFO [capacityManagement] end correct usage, cost: 0s

2020-07-16 10:58:43,372 WARN clearConfigHistory start

2020-07-16 11:08:43,212 INFO [capacityManagement] start correct usage

2020-07-16 11:08:43,213 INFO [capacityManagement] end correct usage, cost: 0s

2020-07-16 11:08:43,377 WARN clearConfigHistory start

2020-07-16 11:18:43,214 INFO [capacityManagement] start correct usage

2020-07-16 11:18:43,214 INFO [capacityManagement] end correct usage, cost: 0s

2020-07-16 11:18:43,379 WARN clearConfigHistory start

2020-07-16 11:28:43,215 INFO [capacityManagement] start correct usage

2020-07-16 11:28:43,221 INFO [capacityManagement] end correct usage, cost: 0s

2020-07-16 11:28:43,383 WARN clearConfigHistory start

2020-07-16 11:38:43,222 INFO [capacityManagement] start correct usage

2020-07-16 11:38:43,223 INFO [capacityManagement] end correct usage, cost: 0s

2020-07-16 11:38:43,385 WARN clearConfigHistory start

2020-07-16 11:48:43,224 INFO [capacityManagement] start correct usage

2020-07-16 11:48:43,225 INFO [capacityManagement] end correct usage, cost: 0s

2020-07-16 11:48:43,386 WARN clearConfigHistory start

2020-07-16 11:58:43,227 INFO [capacityManagement] start correct usage

2020-07-16 11:58:43,228 INFO [capacityManagement] end correct usage, cost: 0s

2020-07-16 11:58:43,388 WARN clearConfigHistory start

2020-07-16 12:08:43,229 INFO [capacityManagement] start correct usage

2020-07-16 12:08:43,230 INFO [capacityManagement] end correct usage, cost: 0s

2020-07-16 12:08:43,393 WARN clearConfigHistory start

2020-07-16 12:18:43,232 INFO [capacityManagement] start correct usage

2020-07-16 12:18:43,233 INFO [capacityManagement] end correct usage, cost: 0s

2020-07-16 12:18:43,398 WARN clearConfigHistory start

2020-07-16 12:28:43,234 INFO [capacityManagement] start correct usage

2020-07-16 12:28:43,239 INFO [capacityManagement] end correct usage, cost: 0s

2020-07-16 12:28:43,400 WARN clearConfigHistory start

2020-07-16 12:38:43,240 INFO [capacityManagement] start correct usage

2020-07-16 12:38:43,242 INFO [capacityManagement] end correct usage, cost: 0s

2020-07-16 12:38:43,401 WARN clearConfigHistory start

2020-07-16 12:48:43,244 INFO [capacityManagement] start correct usage

2020-07-16 12:48:43,245 INFO [capacityManagement] end correct usage, cost: 0s

2020-07-16 12:48:43,404 WARN clearConfigHistory start

2020-07-16 12:58:43,247 INFO [capacityManagement] start correct usage

2020-07-16 12:58:43,248 INFO [capacityManagement] end correct usage, cost: 0s

2020-07-16 12:58:43,407 WARN clearConfigHistory start

2020-07-16 13:08:43,248 INFO [capacityManagement] start correct usage

2020-07-16 13:08:43,252 INFO [capacityManagement] end correct usage, cost: 0s

2020-07-16 13:08:43,409 WARN clearConfigHistory start

2020-07-16 13:18:43,255 INFO [capacityManagement] start correct usage

2020-07-16 13:18:43,256 INFO [capacityManagement] end correct usage, cost: 0s

2020-07-16 13:18:43,410 WARN clearConfigHistory start

2020-07-16 13:28:43,258 INFO [capacityManagement] start correct usage

2020-07-16 13:28:43,261 INFO [capacityManagement] end correct usage, cost: 0s

2020-07-16 13:28:43,412 WARN clearConfigHistory start

2020-07-16 13:38:43,263 INFO [capacityManagement] start correct usage

2020-07-16 13:38:43,264 INFO [capacityManagement] end correct usage, cost: 0s

2020-07-16 13:38:43,417 WARN clearConfigHistory start

2020-07-16 13:48:43,266 INFO [capacityManagement] start correct usage

2020-07-16 13:48:43,268 INFO [capacityManagement] end correct usage, cost: 0s

2020-07-16 13:48:43,419 WARN clearConfigHistory start

2020-07-16 13:58:43,268 INFO [capacityManagement] start correct usage

2020-07-16 13:58:43,269 INFO [capacityManagement] end correct usage, cost: 0s

2020-07-16 13:58:43,422 WARN clearConfigHistory start

2020-07-16 15:53:52,308 INFO Starting Nacos on DESKTOP-S5S6P3I with PID 13964 (F:\WorkProjectAny\Idea\sakura\sakura-cloud\nacos-server-1.3.0-BETA\nacos\target\nacos-server.jar started by 白月初 in F:\WorkProjectAny\Idea\sakura\sakura-cloud\nacos-server-1.3.0-BETA\nacos\bin)

2020-07-16 15:53:52,316 INFO The following profiles are active: standalone

2020-07-16 15:54:05,388 INFO Bean 'org.springframework.security.config.annotation.configuration.ObjectPostProcessorConfiguration' of type [org.springframework.security.config.annotation.configuration.ObjectPostProcessorConfiguration$$EnhancerBySpringCGLIB$$de399271] is not eligible for getting processed by all BeanPostProcessors (for example: not eligible for auto-proxying)

2020-07-16 15:54:06,013 INFO Bean 'objectPostProcessor' of type [org.springframework.security.config.annotation.configuration.AutowireBeanFactoryObjectPostProcessor] is not eligible for getting processed by all BeanPostProcessors (for example: not eligible for auto-proxying)

2020-07-16 15:54:06,030 INFO Bean 'org.springframework.security.access.expression.method.DefaultMethodSecurityExpressionHandler@5e403b4a' of type [org.springframework.security.access.expression.method.DefaultMethodSecurityExpressionHandler] is not eligible for getting processed by all BeanPostProcessors (for example: not eligible for auto-proxying)

2020-07-16 15:54:06,034 INFO Bean 'org.springframework.security.config.annotation.method.configuration.GlobalMethodSecurityConfiguration' of type [org.springframework.security.config.annotation.method.configuration.GlobalMethodSecurityConfiguration$$EnhancerBySpringCGLIB$$30e3523] is not eligible for getting processed by all BeanPostProcessors (for example: not eligible for auto-proxying)

2020-07-16 15:54:06,075 INFO Bean 'methodSecurityMetadataSource' of type [org.springframework.security.access.method.DelegatingMethodSecurityMetadataSource] is not eligible for getting processed by all BeanPostProcessors (for example: not eligible for auto-proxying)

2020-07-16 15:54:08,737 INFO Tomcat initialized with port(s): 8848 (http)

2020-07-16 15:54:08,892 INFO Starting service [Tomcat]

2020-07-16 15:54:08,892 INFO Starting Servlet Engine: Apache Tomcat/9.0.13

2020-07-16 15:54:08,943 INFO The APR based Apache Tomcat Native library which allows optimal performance in production environments was not found on the java.library.path: [H:\java\jdk-8u201\bin;C:\WINDOWS\Sun\Java\bin;C:\WINDOWS\system32;C:\WINDOWS;H:\python\python36\Scripts\;H:\python\python36\;F:\app\oracle12\product\12.2.0\dbhome_1\bin;C:\Program Files (x86)\Common Files\Oracle\Java\javapath;C:\WINDOWS\system32;C:\WINDOWS;C:\WINDOWS\System32\Wbem;C:\WINDOWS\System32\WindowsPowerShell\v1.0\;C:\Program Files (x86)\Intel\Intel(R) Management Engine Components\DAL;C:\Program Files\Intel\Intel(R) Management Engine Components\DAL;H:\redis\;H:\puttyy\;H:\tortoiseGit\bin;H:\Git\cmd;H:\TortoiseSVN\bin;C:\WINDOWS\System32\OpenSSH\;C:\Program Files\Intel\WiFi\bin\;C:\Program Files\Common Files\Intel\WirelessCommon\;H:\nodejs\;H:\apache-maven-3.5.4bin;H:\java\jdk-8u201\bin;H:\java\jdk-8u201\jre\bin;C:\Users\EarlyWhite\AppData\Local\Microsoft\WindowsApps;H:\nodejs\node_global;C:\Program Files\Bandizip\;H:\python\python36\Scripts\;H:\apache-maven-3.5.4\bin;H:\IntelliJ IDEA 2020.1.2\bin;;H:\Microsoft VS Code\bin;H:\WebStorm 2020.1.1\bin;;H:\PyCharm 2020.1.1\bin;;H:\DataGrip 2020.1.4\bin;;.]

2020-07-16 15:54:09,643 INFO Initializing Spring embedded WebApplicationContext

2020-07-16 15:54:09,643 INFO Root WebApplicationContext: initialization completed in 16927 ms

2020-07-16 15:54:10,825 INFO Use Mysql as the driver

2020-07-16 15:54:10,946 INFO HikariPool-1 - Starting...

2020-07-16 15:54:11,483 INFO HikariPool-1 - Start completed.

2020-07-16 15:54:13,379 INFO Nacos-related cluster resource initialization

2020-07-16 15:54:13,403 INFO The cluster resource is initialized

2020-07-16 15:54:14,792 INFO Reflections took 201 ms to scan 1 urls, producing 6 keys and 24 values 

2020-07-16 15:54:14,944 INFO Reflections took 4 ms to scan 1 urls, producing 2 keys and 12 values 

2020-07-16 15:54:14,972 INFO Reflections took 8 ms to scan 1 urls, producing 3 keys and 15 values 

2020-07-16 15:54:19,114 INFO Initializing ExecutorService 'applicationTaskExecutor'

2020-07-16 15:54:19,649 INFO Adding welcome page: class path resource [static/index.html]

2020-07-16 15:54:21,942 INFO Creating filter chain: Ant [pattern='/**'], []

2020-07-16 15:54:22,260 INFO Creating filter chain: any request, [org.springframework.security.web.context.request.async.WebAsyncManagerIntegrationFilter@76318a7d, org.springframework.security.web.context.SecurityContextPersistenceFilter@681aad3b, org.springframework.security.web.header.HeaderWriterFilter@2cd2c8fe, org.springframework.security.web.csrf.CsrfFilter@77cf3f8b, org.springframework.security.web.authentication.logout.LogoutFilter@2f66e802, org.springframework.security.web.savedrequest.RequestCacheAwareFilter@2427e004, org.springframework.security.web.servletapi.SecurityContextHolderAwareRequestFilter@641856, org.springframework.security.web.authentication.AnonymousAuthenticationFilter@2a492f2a, org.springframework.security.web.session.SessionManagementFilter@cc6460c, org.springframework.security.web.access.ExceptionTranslationFilter@21ca139c]

2020-07-16 15:54:22,979 INFO Exposing 2 endpoint(s) beneath base path '/actuator'

2020-07-16 15:54:23,051 INFO Initializing ExecutorService 'taskScheduler'

2020-07-16 15:54:23,937 INFO Tomcat started on port(s): 8848 (http) with context path '/nacos'

2020-07-16 15:54:23,959 INFO Started Nacos in 36.62 seconds (JVM running for 38.41)

2020-07-16 15:54:23,959 INFO Nacos Log files: F:\WorkProjectAny\Idea\sakura\sakura-cloud\nacos-server-1.3.0-BETA\nacos\logs

2020-07-16 15:54:23,964 INFO Nacos Log files: F:\WorkProjectAny\Idea\sakura\sakura-cloud\nacos-server-1.3.0-BETA\nacos\conf

2020-07-16 15:54:23,965 INFO Nacos Log files: F:\WorkProjectAny\Idea\sakura\sakura-cloud\nacos-server-1.3.0-BETA\nacos\data

2020-07-16 15:54:23,966 INFO Nacos started successfully in stand alone mode. use external storage

2020-07-16 15:55:13,326 INFO Initializing Spring DispatcherServlet 'dispatcherServlet'

2020-07-16 15:55:13,326 INFO Initializing Servlet 'dispatcherServlet'

2020-07-16 15:55:13,341 INFO Completed initialization in 14 ms

2020-07-16 16:04:16,000 INFO [capacityManagement] start correct usage

2020-07-16 16:04:16,017 INFO [capacityManagement] end correct usage, cost: 0s

2020-07-16 16:04:16,350 WARN clearConfigHistory start

2020-07-16 16:14:16,019 INFO [capacityManagement] start correct usage

2020-07-16 16:14:16,020 INFO [capacityManagement] end correct usage, cost: 0s

2020-07-16 16:14:16,355 WARN clearConfigHistory start

2020-07-16 16:24:16,021 INFO [capacityManagement] start correct usage

2020-07-16 16:24:16,024 INFO [capacityManagement] end correct usage, cost: 0s

2020-07-16 16:24:16,357 WARN clearConfigHistory start

2020-07-16 16:34:16,025 INFO [capacityManagement] start correct usage

2020-07-16 16:34:16,026 INFO [capacityManagement] end correct usage, cost: 0s

2020-07-16 16:34:16,362 WARN clearConfigHistory start

2020-07-16 16:44:16,027 INFO [capacityManagement] start correct usage

2020-07-16 16:44:16,028 INFO [capacityManagement] end correct usage, cost: 0s

2020-07-16 16:44:16,364 WARN clearConfigHistory start

2020-07-16 16:54:16,030 INFO [capacityManagement] start correct usage

2020-07-16 16:54:16,031 INFO [capacityManagement] end correct usage, cost: 0s

2020-07-16 16:54:16,365 WARN clearConfigHistory start

2020-07-16 17:04:16,032 INFO [capacityManagement] start correct usage

2020-07-16 17:04:16,033 INFO [capacityManagement] end correct usage, cost: 0s

2020-07-16 17:04:16,369 WARN clearConfigHistory start

2020-07-16 17:14:16,036 INFO [capacityManagement] start correct usage

2020-07-16 17:14:16,037 INFO [capacityManagement] end correct usage, cost: 0s

2020-07-16 17:14:16,370 WARN clearConfigHistory start

2020-07-16 17:24:16,039 INFO [capacityManagement] start correct usage

2020-07-16 17:24:16,040 INFO [capacityManagement] end correct usage, cost: 0s

2020-07-16 17:24:16,373 WARN clearConfigHistory start

2020-07-16 17:34:16,042 INFO [capacityManagement] start correct usage

2020-07-16 17:34:16,047 INFO [capacityManagement] end correct usage, cost: 0s

2020-07-16 17:34:16,374 WARN clearConfigHistory start

2020-07-16 17:44:16,049 INFO [capacityManagement] start correct usage

2020-07-16 17:44:16,050 INFO [capacityManagement] end correct usage, cost: 0s

2020-07-16 17:44:16,376 WARN clearConfigHistory start

2020-07-16 17:54:16,052 INFO [capacityManagement] start correct usage

2020-07-16 17:54:16,053 INFO [capacityManagement] end correct usage, cost: 0s

2020-07-16 17:54:16,378 WARN clearConfigHistory start

2020-07-16 18:04:16,054 INFO [capacityManagement] start correct usage

2020-07-16 18:04:16,055 INFO [capacityManagement] end correct usage, cost: 0s

2020-07-16 18:04:16,381 WARN clearConfigHistory start

2020-07-16 18:14:16,056 INFO [capacityManagement] start correct usage

2020-07-16 18:14:16,061 INFO [capacityManagement] end correct usage, cost: 0s

2020-07-16 18:14:16,384 WARN clearConfigHistory start

2020-07-16 18:24:16,062 INFO [capacityManagement] start correct usage

2020-07-16 18:24:16,063 INFO [capacityManagement] end correct usage, cost: 0s

2020-07-16 18:24:16,387 WARN clearConfigHistory start

2020-07-16 18:34:16,065 INFO [capacityManagement] start correct usage

2020-07-16 18:34:16,065 INFO [capacityManagement] end correct usage, cost: 0s

2020-07-16 18:34:16,389 WARN clearConfigHistory start

2020-07-16 18:44:16,067 INFO [capacityManagement] start correct usage

2020-07-16 18:44:16,068 INFO [capacityManagement] end correct usage, cost: 0s

2020-07-16 18:44:16,391 WARN clearConfigHistory start

2020-07-16 18:54:16,070 INFO [capacityManagement] start correct usage

2020-07-16 18:54:16,073 INFO [capacityManagement] end correct usage, cost: 0s

2020-07-16 18:54:16,394 WARN clearConfigHistory start

2020-07-16 19:04:16,073 INFO [capacityManagement] start correct usage

2020-07-16 19:04:16,076 INFO [capacityManagement] end correct usage, cost: 0s

2020-07-16 19:04:16,395 WARN clearConfigHistory start

2020-07-16 19:05:51,946 WARN [HttpClientManager] Start destroying HttpClient

2020-07-16 19:05:51,971 WARN [ThreadPoolManager] Start destroying ThreadPool

2020-07-16 19:05:51,994 WARN [NotifyCenter] Start destroying Publisher

2020-07-16 19:05:52,004 WARN [NotifyCenter] Destruction of the end

2020-07-16 19:05:52,117 WARN [HttpClientManager] Destruction of the end

2020-07-16 19:05:52,410 INFO Shutting down ExecutorService 'taskScheduler'

2020-07-16 19:05:52,420 INFO Shutting down ExecutorService 'applicationTaskExecutor'

2020-07-16 19:05:58,791 WARN [ThreadPoolManager] Destruction of the end

